[debug] [2024-06-29T17:33:10.503Z] ----------------------------------------------------------------------
[debug] [2024-06-29T17:33:10.505Z] Command:       C:\Program Files\nodejs\node.exe C:\Users\ydeva\AppData\Roaming\npm\node_modules\firebase-tools\lib\bin\firebase.js emulators:start --only functions
[debug] [2024-06-29T17:33:10.505Z] CLI Version:   13.12.0
[debug] [2024-06-29T17:33:10.506Z] Platform:      win32
[debug] [2024-06-29T17:33:10.506Z] Node Version:  v20.10.0
[debug] [2024-06-29T17:33:10.506Z] Time:          Sun Jun 30 2024 00:33:10 GMT+0700 (Western Indonesia Time)
[debug] [2024-06-29T17:33:10.506Z] ----------------------------------------------------------------------
[debug] 
[debug] [2024-06-29T17:33:10.562Z] > command requires scopes: ["email","openid","https://www.googleapis.com/auth/cloudplatformprojects.readonly","https://www.googleapis.com/auth/firebase","https://www.googleapis.com/auth/cloud-platform"]
[debug] [2024-06-29T17:33:10.562Z] > authorizing via signed-in user (yogasdevanada@gmail.com)
[info] i  emulators: Starting emulators: functions {"metadata":{"emulator":{"name":"hub"},"message":"Starting emulators: functions"}}
[debug] [2024-06-29T17:33:10.574Z] [logging] Logging Emulator only supports listening on one address (127.0.0.1). Not listening on ::1
[debug] [2024-06-29T17:33:10.574Z] assigned listening specs for emulators {"user":{"hub":[{"address":"127.0.0.1","family":"IPv4","port":4400},{"address":"::1","family":"IPv6","port":4400}],"ui":[{"address":"127.0.0.1","family":"IPv4","port":4000},{"address":"::1","family":"IPv6","port":4000}],"logging":[{"address":"127.0.0.1","family":"IPv4","port":4500}]},"metadata":{"message":"assigned listening specs for emulators"}}
[debug] [2024-06-29T17:33:10.576Z] [hub] writing locator at C:\Users\ydeva\AppData\Local\Temp\hub-devanada-e9c28.json
[debug] [2024-06-29T17:33:10.589Z] [functions] Functions Emulator only supports listening on one address (127.0.0.1). Not listening on ::1
[debug] [2024-06-29T17:33:10.589Z] [eventarc] Eventarc Emulator only supports listening on one address (127.0.0.1). Not listening on ::1
[debug] [2024-06-29T17:33:10.589Z] late-assigned ports for functions and eventarc emulators {"user":{"hub":[{"address":"127.0.0.1","family":"IPv4","port":4400},{"address":"::1","family":"IPv6","port":4400}],"ui":[{"address":"127.0.0.1","family":"IPv4","port":4000},{"address":"::1","family":"IPv6","port":4000}],"logging":[{"address":"127.0.0.1","family":"IPv4","port":4500}],"functions":[{"address":"127.0.0.1","family":"IPv4","port":8080}],"eventarc":[{"address":"127.0.0.1","family":"IPv4","port":9299}]},"metadata":{"message":"late-assigned ports for functions and eventarc emulators"}}
[warn] !  functions: The following emulators are not running, calls to these services from the Functions emulator will affect production: auth, firestore, database, hosting, pubsub, storage, dataconnect {"metadata":{"emulator":{"name":"functions"},"message":"The following emulators are not running, calls to these services from the Functions emulator will affect production: \u001b[1mauth, firestore, database, hosting, pubsub, storage, dataconnect\u001b[22m"}}
[debug] [2024-06-29T17:33:10.591Z] defaultcredentials: writing to file C:\Users\ydeva\AppData\Roaming\firebase\yogasdevanada_gmail_com_application_default_credentials.json
[debug] [2024-06-29T17:33:10.592Z] Setting GAC to C:\Users\ydeva\AppData\Roaming\firebase\yogasdevanada_gmail_com_application_default_credentials.json {"metadata":{"emulator":{"name":"functions"},"message":"Setting GAC to C:\\Users\\ydeva\\AppData\\Roaming\\firebase\\yogasdevanada_gmail_com_application_default_credentials.json"}}
[debug] [2024-06-29T17:33:10.594Z] >>> [apiv2][query] GET https://firebase.googleapis.com/v1beta1/projects/devanada-e9c28/adminSdkConfig [none]
[debug] [2024-06-29T17:33:10.977Z] <<< [apiv2][status] GET https://firebase.googleapis.com/v1beta1/projects/devanada-e9c28/adminSdkConfig 200
[debug] [2024-06-29T17:33:10.977Z] <<< [apiv2][body] GET https://firebase.googleapis.com/v1beta1/projects/devanada-e9c28/adminSdkConfig {"projectId":"devanada-e9c28","storageBucket":"devanada-e9c28.appspot.com"}
[debug] [2024-06-29T17:33:10.986Z] Ignoring unsupported arg: auto_download {"metadata":{"emulator":{"name":"ui"},"message":"Ignoring unsupported arg: auto_download"}}
[debug] [2024-06-29T17:33:10.986Z] Ignoring unsupported arg: port {"metadata":{"emulator":{"name":"ui"},"message":"Ignoring unsupported arg: port"}}
[debug] [2024-06-29T17:33:10.986Z] Starting Emulator UI with command {"binary":"node","args":["C:\\Users\\ydeva\\.cache\\firebase\\emulators\\ui-v1.12.1\\server\\server.mjs"],"optionalArgs":[],"joinArgs":false,"shell":false} {"metadata":{"emulator":{"name":"ui"},"message":"Starting Emulator UI with command {\"binary\":\"node\",\"args\":[\"C:\\\\Users\\\\ydeva\\\\.cache\\\\firebase\\\\emulators\\\\ui-v1.12.1\\\\server\\\\server.mjs\"],\"optionalArgs\":[],\"joinArgs\":false,\"shell\":false}"}}
[info] i  ui: Emulator UI logging to ui-debug.log {"metadata":{"emulator":{"name":"ui"},"message":"Emulator UI logging to \u001b[1mui-debug.log\u001b[22m"}}
[debug] [2024-06-29T17:33:11.087Z] Web / API server started at 127.0.0.1:4000
 {"metadata":{"emulator":{"name":"ui"},"message":"Web / API server started at 127.0.0.1:4000\n"}}
[debug] [2024-06-29T17:33:11.088Z] Web / API server started at ::1:4000
 {"metadata":{"emulator":{"name":"ui"},"message":"Web / API server started at ::1:4000\n"}}
[info] i  functions: Watching "G:\DISK 2\_Work\_TEST\backend-repo\" for Cloud Functions... {"metadata":{"emulator":{"name":"functions"},"message":"Watching \"G:\\DISK 2\\_Work\\_TEST\\backend-repo\\\" for Cloud Functions..."}}
[debug] [2024-06-29T17:33:11.212Z] Validating nodejs source
[debug] [2024-06-29T17:33:12.198Z] > [functions] package.json contents: {
  "name": "backend-repo",
  "version": "1.0.0",
  "main": "index.js",
  "scripts": {
    "lint": "eslint .",
    "serve": "firebase emulators:start --only functions",
    "shell": "firebase functions:shell",
    "start": "npm run shell",
    "deploy": "firebase deploy --only functions",
    "logs": "firebase functions:log",
    "test": "echo \"Error: no test specified\" && exit 1",
    "build": "tsc",
    "dev": "nodemon ./core/app.ts"
  },
  "engines": {
    "node": "20"
  },
  "author": "",
  "license": "ISC",
  "description": "",
  "devDependencies": {
    "@types/cookie-parser": "^1.4.7",
    "@types/cors": "^2.8.17",
    "@types/express": "^4.17.21",
    "@types/node": "^20.14.9",
    "eslint": "^8.15.0",
    "eslint-config-google": "^0.14.0",
    "firebase-functions-test": "^3.1.0",
    "typescript": "^5.5.2"
  },
  "dependencies": {
    "@hapi/hapi": "^21.3.10",
    "cookie-parser": "^1.4.6",
    "cors": "^2.8.5",
    "dotenv": "^16.4.5",
    "express": "^4.19.2",
    "firebase": "^10.12.2",
    "firebase-admin": "^12.2.0",
    "firebase-functions": "^5.0.0",
    "zod": "^3.23.8"
  },
  "private": true
}
[debug] [2024-06-29T17:33:12.198Z] Building nodejs source
[debug] [2024-06-29T17:33:12.199Z] Failed to find version of module node: reached end of search path G:\DISK 2\_Work\_TEST\backend-repo\node_modules
[info] +  functions: Using node@20 from host. 
[info] i  functions: Loaded environment variables from .env. 
[debug] [2024-06-29T17:33:12.201Z] Could not find functions.yaml. Must use http discovery
[debug] [2024-06-29T17:33:12.207Z] Found firebase-functions binary at 'G:\DISK 2\_Work\_TEST\backend-repo\node_modules\.bin\firebase-functions'
[info] Serving at port 8730

[info] Server ready to serve and running on port 8080

[debug] [2024-06-29T17:33:12.705Z] Got response from /__/functions.yaml {"endpoints":{},"specVersion":"v1alpha1","requiredAPIs":[]}
[info] +  functions: Loaded functions definitions from source: . {"metadata":{"emulator":{"name":"functions"},"message":"Loaded functions definitions from source: ."}}
[info] 
┌─────────────────────────────────────────────────────────────┐
│ ✔  All emulators ready! It is now safe to connect your app. │
│ i  View Emulator UI at http://127.0.0.1:4000/               │
└─────────────────────────────────────────────────────────────┘

┌───────────┬────────────────┬─────────────────────────────────┐
│ Emulator  │ Host:Port      │ View in Emulator UI             │
├───────────┼────────────────┼─────────────────────────────────┤
│ Functions │ 127.0.0.1:8080 │ http://127.0.0.1:4000/functions │
└───────────┴────────────────┴─────────────────────────────────┘
  Emulator Hub running at 127.0.0.1:4400
  Other reserved ports: 4500

Issues? Report them at https://github.com/firebase/firebase-tools/issues and attach the *-debug.log files.
 
